[main 7f646a32] auto commit
 4 files changed, 1357 insertions(+), 51 deletions(-)
 create mode 100644 single_csv/2021-10-22_08:00:10.csv
 create mode 100644 single_json/2021-10-22_08:00:10.json
Already up to date.
[main 2aac948d] auto commit
 5 files changed, 1362 insertions(+), 51 deletions(-)
 create mode 100644 single_csv/2021-10-22_09:00:05.csv
 create mode 100644 single_json/2021-10-22_09:00:05.json
Already up to date.
[main 1ca5ffc0] auto commit
 5 files changed, 6315 insertions(+), 4897 deletions(-)
 create mode 100644 single_csv/2021-10-22_10:00:05.csv
 create mode 100644 single_json/2021-10-22_10:00:05.json
Already up to date.
[main 2f98a3e4] auto commit
 5 files changed, 6257 insertions(+), 4609 deletions(-)
 create mode 100644 single_csv/2021-10-22_11:00:05.csv
 create mode 100644 single_json/2021-10-22_11:00:05.json
Already up to date.
[main a3ccd265] auto commit
 5 files changed, 4081 insertions(+), 2650 deletions(-)
 create mode 100644 single_csv/2021-10-22_12:00:07.csv
 create mode 100644 single_json/2021-10-22_12:00:07.json
Already up to date.
[main 15a65954] auto commit
 5 files changed, 1482 insertions(+), 51 deletions(-)
 create mode 100644 single_csv/2021-10-22_13:00:08.csv
 create mode 100644 single_json/2021-10-22_13:00:08.json
Already up to date.
[main 45ff5020] auto commit
 5 files changed, 1483 insertions(+), 51 deletions(-)
 create mode 100644 single_csv/2021-10-22_14:00:07.csv
 create mode 100644 single_json/2021-10-22_14:00:07.json
Already up to date.
[main c5e36206] auto commit
 5 files changed, 7147 insertions(+), 5441 deletions(-)
 create mode 100644 single_csv/2021-10-22_15:00:07.csv
 create mode 100644 single_json/2021-10-22_15:00:07.json
Already up to date.
[main 8fe461f2] auto commit
 5 files changed, 1445 insertions(+), 51 deletions(-)
 create mode 100644 single_csv/2021-10-22_16:00:06.csv
 create mode 100644 single_json/2021-10-22_16:00:06.json
Already up to date.
[main 01b875d7] auto commit
 5 files changed, 1459 insertions(+), 51 deletions(-)
 create mode 100644 single_csv/2021-10-22_17:00:06.csv
 create mode 100644 single_json/2021-10-22_17:00:06.json
Already up to date.
[main d1a9b5b3] auto commit
 5 files changed, 1459 insertions(+), 51 deletions(-)
 create mode 100644 single_csv/2021-10-22_18:00:05.csv
 create mode 100644 single_json/2021-10-22_18:00:05.json
Already up to date.
[main 7a9c3ebc] auto commit
 5 files changed, 7662 insertions(+), 5046 deletions(-)
 create mode 100644 single_csv/2021-10-22_19:00:07.csv
 create mode 100644 single_json/2021-10-22_19:00:07.json
Already up to date.
[main c4572f19] auto commit
 5 files changed, 6715 insertions(+), 4883 deletions(-)
 create mode 100644 single_csv/2021-10-22_20:00:05.csv
 create mode 100644 single_json/2021-10-22_20:00:05.json
Already up to date.
[main 4a2cc056] auto commit
 5 files changed, 3054 insertions(+), 1305 deletions(-)
 create mode 100644 single_csv/2021-10-22_21:00:06.csv
 create mode 100644 single_json/2021-10-22_21:00:06.json
Already up to date.
[main 6630018f] auto commit
 5 files changed, 2574 insertions(+), 803 deletions(-)
 create mode 100644 single_csv/2021-10-22_22:00:05.csv
 create mode 100644 single_json/2021-10-22_22:00:05.json
Already up to date.
[main 66dff4d1] auto commit
 5 files changed, 1803 insertions(+), 51 deletions(-)
 create mode 100644 single_csv/2021-10-22_23:00:05.csv
 create mode 100644 single_json/2021-10-22_23:00:05.json
Already up to date.
[main ea1c5fa3] auto commit
 5 files changed, 1803 insertions(+), 51 deletions(-)
 create mode 100644 single_csv/2021-10-23_00:00:05.csv
 create mode 100644 single_json/2021-10-23_00:00:05.json
Already up to date.
[main 205967cb] auto commit
 3 files changed, 56 insertions(+), 51 deletions(-)
Already up to date.
[main b680793d] auto commit
 5 files changed, 1803 insertions(+), 51 deletions(-)
 create mode 100644 single_csv/2021-10-23_01:00:05.csv
 create mode 100644 single_json/2021-10-23_01:00:05.json
Already up to date.
[main e6b00b2c] auto commit
 5 files changed, 2665 insertions(+), 911 deletions(-)
 create mode 100644 single_csv/2021-10-23_02:00:06.csv
 create mode 100644 single_json/2021-10-23_02:00:06.json
Already up to date.
[main 8681af36] auto commit
 5 files changed, 1805 insertions(+), 51 deletions(-)
 create mode 100644 single_csv/2021-10-23_03:00:04.csv
 create mode 100644 single_json/2021-10-23_03:00:04.json
Already up to date.
[main 01550e4e] auto commit
 5 files changed, 1805 insertions(+), 51 deletions(-)
 create mode 100644 single_csv/2021-10-23_04:00:05.csv
 create mode 100644 single_json/2021-10-23_04:00:05.json
Already up to date.
[main 2d368345] auto commit
 5 files changed, 1805 insertions(+), 51 deletions(-)
 create mode 100644 single_csv/2021-10-23_05:00:05.csv
 create mode 100644 single_json/2021-10-23_05:00:05.json
Already up to date.
[main 72aa3308] auto commit
 5 files changed, 1805 insertions(+), 51 deletions(-)
 create mode 100644 single_csv/2021-10-23_06:00:04.csv
 create mode 100644 single_json/2021-10-23_06:00:04.json
Already up to date.
[main 25848f86] auto commit
 5 files changed, 1805 insertions(+), 51 deletions(-)
 create mode 100644 single_csv/2021-10-23_07:00:05.csv
 create mode 100644 single_json/2021-10-23_07:00:05.json
Already up to date.
[main 5b238588] auto commit
 5 files changed, 4016 insertions(+), 2262 deletions(-)
 create mode 100644 single_csv/2021-10-23_08:00:13.csv
 create mode 100644 single_json/2021-10-23_08:00:13.json
Already up to date.
[main b0854da0] auto commit
 5 files changed, 1805 insertions(+), 51 deletions(-)
 create mode 100644 single_csv/2021-10-23_09:00:05.csv
 create mode 100644 single_json/2021-10-23_09:00:05.json
Already up to date.
[main 8259d519] auto commit
 5 files changed, 1805 insertions(+), 51 deletions(-)
 create mode 100644 single_csv/2021-10-23_10:00:05.csv
 create mode 100644 single_json/2021-10-23_10:00:05.json
Already up to date.
[main 90d48538] auto commit
 5 files changed, 2907 insertions(+), 1116 deletions(-)
 create mode 100644 single_csv/2021-10-23_11:01:18.csv
 create mode 100644 single_json/2021-10-23_11:01:18.json
Already up to date.
[main 690af675] auto commit
 5 files changed, 1922 insertions(+), 145 deletions(-)
 create mode 100644 single_csv/2021-10-23_12:00:22.csv
 create mode 100644 single_json/2021-10-23_12:00:22.json
Already up to date.
